5000
2 0 3
2 1 7
2 2 9
2 4 11
2 5 6
2 8 10
2 12 17
2 13 18
2 14 20
2 15 16
2 19 24
2 21 23
2 22 28
2 25 31
2 26 33
2 27 32
2 29 37
2 30 39
2 34 40
2 35 38
2 36 44
2 41 47
2 42 49
2 43 45
2 46 53
2 48 55
2 50 56
2 51 59
2 52 58
2 54 63
2 57 62
2 60 65
2 61 67
2 64 71
2 66 70
2 68 69
2 72 76
2 73 78
2 74 81
2 75 82
2 77 85
2 79 87
2 80 86
2 83 89
2 84 93
2 88 94
2 90 96
2 91 97
2 92 101
2 95 103
2 98 105
2 99 106
2 100 108
2 102 110
2 104 111
2 107 115
2 109 117
2 112 118
2 113 120
2 114 123
2 116 124
2 119 121
2 122 128
2 125 131
2 126 132
2 127 133
2 129 137
2 130 139
2 134 136
2 135 142
2 138 145
2 140 146
2 141 147
2 143 151
2 144 150
2 148 149
2 152 153
2 154 159
2 155 160
2 156 163
2 157 164
2 158 161
2 162 168
2 165 171
2 166 172
2 167 174
2 169 177
2 170 178
2 173 179
2 175 183
2 176 185
2 180 186
2 181 188
2 182 189
2 184 193
2 187 195
2 190 197
2 191 198
2 192 201
2 194 199
2 196 204
2 200 206
2 202 208
2 203 211
2 205 213
2 207 214
2 209 210
2 212 219
2 215 221
2 216 217
2 218 225
2 220 226
2 222 229
2 223 227
2 224 230
2 228 234
2 231 236
2 232 238
2 233 240
2 235 241
2 237 245
2 239 242
2 243 249
2 244 251
2 246 253
2 247 252
2 248 257
2 250 258
2 254 256
2 255 263
2 259 264
2 260 267
2 261 268
2 262 270
2 265 273
2 266 274
2 269 275
2 271 278
2 272 281
2 276 283
2 277 279
2 280 287
2 282 289
2 284 290
2 285 293
2 286 292
2 288 296
2 291 297
2 294 301
2 295 300
2 298 305
2 299 307
2 302 304
2 303 311
2 306 313
2 308 312
2 309 316
2 310 318
2 314 321
2 315 319
2 317 325
2 320 322
2 323 328
2 324 326
2 327 333
2 329 332
2 330 336
2 331 335
2 334 341
2 337 343
2 338 342
2 339 346
2 340 347
2 344 348
2 345 349
2 350 355
2 351 356
2 352 358
2 353 359
2 354 362
2 357 365
2 360 361
2 363 364
2 366 370
2 367 371
2 368 373
2 369 372
2 374 378
2 375 381
2 376 383
2 377 384
2 379 385
2 380 388
2 382 391
2 386 392
2 387 393
2 389 396
2 390 398
2 394 395
2 397 403
2 399 404
2 400 407
2 401 402
2 405 409
2 406 413
2 408 414
2 410 417
2 411 419
2 412 421
2 415 422
2 416 425
2 418 424
2 420 428
2 423 430
2 426 432
2 427 433
2 429 431
2 434 439
2 435 441
2 436 443
2 437 444
2 438 446
2 440 449
2 442 451
2 445 453
2 447 452
2 448 456
2 450 458
2 454 461
2 455 463
2 457 464
2 459 465
2 460 462
2 466 471
2 467 473
2 468 472
2 469 477
2 470 478
2 474 480
2 475 483
2 476 482
2 479 487
2 481 489
2 484 491
2 485 493
2 486 492
2 488 496
2 490 499
2 494 500
2 495 502
2 497 498
2 501 507
2 503 509
2 504 511
2 505 513
2 506 512
2 508 514
2 510 516
2 515 520
2 517 522
2 518 525
2 519 526
2 521 529
2 523 530
2 524 532
2 527 534
2 528 533
2 531 538
2 535 540
2 536 541
2 537 545
2 539 546
2 542 549
2 543 550
2 544 553
2 547 554
2 548 556
2 551 559
2 552 558
2 555 562
2 557 565
2 560 566
2 561 568
2 563 571
2 564 573
2 567 574
2 569 576
2 570 579
2 572 575
2 577 582
2 578 583
2 580 586
2 581 589
2 584 590
2 585 593
2 587 594
2 588 597
2 591 596
2 592 598
2 595 602
2 599 604
2 600 605
2 601 608
2 603 611
2 606 613
2 607 615
2 609 610
2 612 618
2 614 620
2 616 622
2 617 621
2 619 626
2 623 628
2 624 631
2 625 633
2 627 634
2 629 636
2 630 635
2 632 639
2 637 642
2 638 645
2 640 644
2 641 648
2 643 649
2 646 651
2 647 654
2 650 656
2 652 658
2 653 659
2 655 662
2 657 660
2 661 666
2 663 669
2 664 668
2 665 673
2 667 674
2 670 676
2 671 678
2 672 675
2 677 683
2 679 684
2 680 687
2 681 688
2 682 689
2 685 691
2 686 693
2 690 697
2 692 698
2 694 695
2 696 703
2 699 700
2 701 706
2 702 709
2 704 711
2 705 708
2 707 714
2 710 717
2 712 719
2 713 720
2 715 723
2 716 725
2 718 727
2 721 726
2 722 730
2 724 728
2 729 735
2 731 737
2 732 738
2 733 739
2 734 740
2 736 745
2 741 746
2 742 749
2 743 750
2 744 752
2 747 753
2 748 756
2 751 757
2 754 760
2 755 759
2 758 764
2 761 766
2 762 767
2 763 771
2 765 773
2 768 774
2 769 776
2 770 778
2 772 780
2 775 782
2 777 784
2 779 781
2 783 789
2 785 791
2 786 793
2 787 794
2 788 797
2 790 796
2 792 801
2 795 802
2 798 804
2 799 800
2 803 805
2 806 811
2 807 812
2 808 814
2 809 815
2 810 818
2 813 820
2 816 819
2 817 825
2 821 827
2 822 828
2 823 831
2 824 833
2 826 834
2 829 836
2 830 839
2 832 835
2 837 840
2 838 844
2 841 847
2 842 846
2 843 850
2 845 849
2 848 854
2 851 856
2 852 859
2 853 860
2 855 858
2 857 864
2 861 865
2 862 868
2 863 867
2 866 872
2 869 875
2 870 876
2 871 877
2 873 881
2 874 883
2 878 884
2 879 887
2 880 889
2 882 885
2 886 893
2 888 894
2 890 896
2 891 898
2 892 900
2 895 902
2 897 899
2 901 906
2 903 909
2 904 908
2 905 912
2 907 915
2 910 916
2 911 919
2 913 917
2 914 923
2 918 924
2 920 926
2 921 922
2 925 931
2 927 930
2 928 934
2 929 936
2 932 937
2 933 935
2 938 940
2 939 943
2 941 947
2 942 948
2 944 949
2 945 953
2 946 954
2 950 955
2 951 956
2 952 960
2 957 962
2 958 959
2 961 965
2 963 968
2 964 970
2 966 973
2 967 972
2 969 976
2 971 978
2 974 977
2 975 982
2 979 983
2 980 984
2 981 987
2 985 990
2 986 992
2 988 995
2 989 997
2 991 998
2 993 1001
2 994 999
2 996 1004
2 1000 1006
2 1002 1009
2 1003 1010
2 1005 1013
2 1007 1015
2 1008 1012
2 1011 1016
2 1014 1021
2 1017 1023
2 1018 1020
2 1019 1027
2 1022 1029
2 1024 1031
2 1025 1032
2 1026 1035
2 1028 1037
2 1030 1036
2 1033 1040
2 1034 1043
2 1038 1044
2 1039 1047
2 1041 1049
2 1042 1050
2 1045 1046
2 1048 1054
2 1051 1056
2 1052 1058
2 1053 1061
2 1055 1062
2 1057 1063
2 1059 1065
2 1060 1066
2 1064 1071
2 1067 1073
2 1068 1074
2 1069 1077
2 1070 1075
2 1072 1081
2 1076 1080
2 1078 1085
2 1079 1084
2 1082 1086
2 1083 1090
2 1087 1093
2 1088 1094
2 1089 1096
2 1091 1099
2 1092 1101
2 1095 1100
2 1097 1105
2 1098 1106
2 1102 1107
2 1103 1110
2 1104 1111
2 1108 1114
2 1109 1115
2 1112 1117
2 1113 1116
2 1118 1122
2 1119 1120
2 1121 1127
2 1123 1129
2 1124 1130
2 1125 1132
2 1126 1131
2 1128 1136
2 1133 1137
2 1134 1140
2 1135 1138
2 1139 1142
2 1141 1146
2 1143 1149
2 1144 1147
2 1145 1152
2 1148 1154
2 1150 1157
2 1151 1159
2 1153 1160
2 1155 1161
2 1156 1164
2 1158 1165
2 1162 1167
2 1163 1170
2 1166 1172
2 1168 1174
2 1169 1177
2 1171 1178
2 1173 1179
2 1175 1181
2 1176 1184
2 1180 1187
2 1182 1188
2 1183 1191
2 1185 1192
2 1186 1194
2 1189 1197
2 1190 1199
2 1193 1200
2 1195 1203
2 1196 1202
2 1198 1205
2 1201 1208
2 1204 1210
2 1206 1212
2 1207 1214
2 1209 1216
2 1211 1217
2 1213 1220
2 1215 1221
2 1218 1224
2 1219 1227
2 1222 1228
2 1223 1231
2 1225 1233
2 1226 1234
2 1229 1235
2 1230 1237
2 1232 1238
2 1236 1243
2 1239 1240
2 1241 1246
2 1242 1248
2 1244 1249
2 1245 1253
2 1247 1250
2 1251 1256
2 1252 1259
2 1254 1261
2 1255 1260
2 1257 1265
2 1258 1266
2 1262 1267
2 1263 1270
2 1264 1271
2 1268 1275
2 1269 1276
2 1272 1279
2 1273 1277
2 1274 1282
2 1278 1284
2 1280 1287
2 1281 1286
2 1283 1288
2 1285 1292
2 1289 1290
2 1291 1296
2 1293 1299
2 1294 1298
2 1295 1302
2 1297 1305
2 1300 1307
2 1301 1308
2 1303 1311
2 1304 1313
2 1306 1315
2 1309 1316
2 1310 1318
2 1312 1321
2 1314 1322
2 1317 1323
2 1319 1326
2 1320 1329
2 1324 1330
2 1325 1332
2 1327 1331
2 1328 1336
2 1333 1339
2 1334 1341
2 1335 1340
2 1337 1344
2 1338 1347
2 1342 1348
2 1343 1351
2 1345 1353
2 1346 1350
2 1349 1357
2 1352 1359
2 1354 1361
2 1355 1358
2 1356 1364
2 1360 1366
2 1362 1369
2 1363 1371
2 1365 1372
2 1367 1374
2 1368 1377
2 1370 1378
2 1373 1381
2 1375 1383
2 1376 1385
2 1379 1382
2 1380 1388
2 1384 1391
2 1386 1393
2 1387 1395
2 1389 1396
2 1390 1399
2 1392 1400
2 1394 1403
2 1397 1404
2 1398 1406
2 1401 1409
2 1402 1411
2 1405 1412
2 1407 1415
2 1408 1416
2 1410 1418
2 1413 1421
2 1414 1423
2 1417 1422
2 1419 1427
2 1420 1429
2 1424 1430
2 1425 1433
2 1426 1435
2 1428 1436
2 1431 1439
2 1432 1440
2 1434 1437
2 1438 1445
2 1441 1444
2 1442 1447
2 1443 1450
2 1446 1453
2 1448 1452
2 1449 1454
2 1451 1459
2 1455 1461
2 1456 1462
2 1457 1464
2 1458 1467
2 1460 1469
2 1463 1471
2 1465 1466
2 1468 1475
2 1470 1476
2 1472 1479
2 1473 1480
2 1474 1483
2 1477 1484
2 1478 1487
2 1481 1488
2 1482 1491
2 1485 1492
2 1486 1495
2 1489 1494
2 1490 1496
2 1493 1501
2 1497 1502
2 1498 1505
2 1499 1507
2 1500 1509
2 1503 1510
2 1504 1508
2 1506 1512
2 1511 1516
2 1513 1519
2 1514 1517
2 1515 1522
2 1518 1524
2 1520 1523
2 1521 1526
2 1525 1529
2 1527 1533
2 1528 1535
2 1530 1536
2 1531 1538
2 1532 1534
2 1537 1542
2 1539 1540
2 1541 1546
2 1543 1549
2 1544 1551
2 1545 1552
2 1547 1553
2 1548 1556
2 1550 1554
2 1555 1561
2 1557 1562
2 1558 1564
2 1559 1563
2 1560 1568
2 1565 1571
2 1566 1570
2 1567 1569
2 1572 1574
2 1573 1575
2 1576 1581
2 1577 1583
2 1578 1584
2 1579 1587
2 1580 1589
2 1582 1591
2 1585 1593
2 1586 1595
2 1588 1590
2 1592 1598
2 1594 1601
2 1596 1597
2 1599 1602
2 1600 1606
2 1603 1609
2 1604 1611
2 1605 1610
2 1607 1615
2 1608 1616
2 1612 1618
2 1613 1621
2 1614 1620
2 1617 1624
2 1619 1627
2 1622 1625
2 1623 1631
2 1626 1632
2 1628 1634
2 1629 1636
2 1630 1639
2 1633 1640
2 1635 1642
2 1637 1638
2 1641 1646
2 1643 1648
2 1644 1649
2 1645 1650
2 1647 1653
2 1651 1656
2 1652 1654
2 1655 1661
2 1657 1658
2 1659 1665
2 1660 1667
2 1662 1668
2 1663 1671
2 1664 1673
2 1666 1669
2 1670 1677
2 1672 1678
2 1674 1681
2 1675 1683
2 1676 1684
2 1679 1685
2 1680 1688
2 1682 1690
2 1686 1693
2 1687 1694
2 1689 1695
2 1691 1699
2 1692 1701
2 1696 1700
2 1697 1704
2 1698 1707
2 1702 1708
2 1703 1711
2 1705 1713
2 1706 1714
2 1709 1717
2 1710 1712
2 1715 1720
2 1716 1718
2 1719 1724
2 1721 1726
2 1722 1729
2 1723 1731
2 1725 1732
2 1727 1734
2 1728 1737
2 1730 1735
2 1733 1740
2 1736 1742
2 1738 1743
2 1739 1747
2 1741 1744
2 1745 1751
2 1746 1750
2 1748 1755
2 1749 1756
2 1752 1754
2 1753 1761
2 1757 1763
2 1758 1765
2 1759 1767
2 1760 1768
2 1762 1770
2 1764 1766
2 1769 1774
2 1771 1775
2 1772 1778
2 1773 1781
2 1776 1783
2 1777 1782
2 1779 1787
2 1780 1788
2 1784 1789
2 1785 1793
2 1786 1794
2 1790 1796
2 1791 1799
2 1792 1800
2 1795 1801
2 1797 1804
2 1798 1807
2 1802 1806
2 1803 1810
2 1805 1812
2 1808 1814
2 1809 1817
2 1811 1819
2 1813 1820
2 1815 1821
2 1816 1825
2 1818 1827
2 1822 1824
2 1823 1830
2 1826 1833
2 1828 1835
2 1829 1837
2 1831 1839
2 1832 1840
2 1834 1843
2 1836 1845
2 1838 1847
2 1841 1848
2 1842 1851
2 1844 1853
2 1846 1849
2 1850 1856
2 1852 1854
2 1855 1861
2 1857 1862
2 1858 1865
2 1859 1866
2 1860 1869
2 1863 1867
2 1864 1870
2 1868 1874
2 1871 1876
2 1872 1877
2 1873 1878
2 1875 1883
2 1879 1884
2 1880 1886
2 1881 1889
2 1882 1888
2 1885 1892
2 1887 1895
2 1890 1891
2 1893 1898
2 1894 1899
2 1896 1897
2 1900 1904
2 1901 1902
2 1903 1908
2 1905 1909
2 1906 1912
2 1907 1915
2 1910 1917
2 1911 1918
2 1913 1920
2 1914 1923
2 1916 1922
2 1919 1924
2 1921 1928
2 1925 1930
2 1926 1932
2 1927 1934
2 1929 1936
2 1931 1939
2 1933 1935
2 1937 1943
2 1938 1942
2 1940 1946
2 1941 1948
2 1944 1951
2 1945 1952
2 1947 1955
2 1949 1953
2 1950 1959
2 1954 1961
2 1956 1963
2 1957 1965
2 1958 1964
2 1960 1969
2 1962 1971
2 1966 1972
2 1967 1975
2 1968 1976
2 1970 1979
2 1973 1980
2 1974 1983
2 1977 1978
2 1981 1986
2 1982 1988
2 1984 1985
2 1987 1993
2 1989 1994
2 1990 1996
2 1991 1998
2 1992 2000
2 1995 2002
2 1997 1999
2 2001 2007
2 2003 2008
2 2004 2009
2 2005 2006
2 2010 2011
2 2012 2016
2 2013 2019
2 2014 2020
2 2015 2023
2 2017 2024
2 2018 2025
2 2021 2028
2 2022 2030
2 2026 2033
2 2027 2035
2 2029 2036
2 2031 2039
2 2032 2038
2 2034 2043
2 2037 2045
2 2040 2047
2 2041 2046
2 2042 2050
2 2044 2051
2 2048 2055
2 2049 2057
2 2052 2059
2 2053 2061
2 2054 2060
2 2056 2064
2 2058 2062
2 2063 2068
2 2065 2070
2 2066 2072
2 2067 2074
2 2069 2075
2 2071 2076
2 2073 2080
2 2077 2081
2 2078 2085
2 2079 2087
2 2082 2089
2 2083 2091
2 2084 2086
2 2088 2094
2 2090 2096
2 2092 2095
2 2093 2101
2 2097 2102
2 2098 2105
2 2099 2106
2 2100 2104
2 2103 2110
2 2107 2112
2 2108 2115
2 2109 2117
2 2111 2116
2 2113 2120
2 2114 2123
2 2118 2124
2 2119 2127
2 2121 2125
2 2122 2129
2 2126 2128
2 2130 2134
2 2131 2137
2 2132 2136
2 2133 2141
2 2135 2143
2 2138 2144
2 2139 2147
2 2140 2148
2 2142 2149
2 2145 2152
2 2146 2155
2 2150 2153
2 2151 2159
2 2154 2160
2 2156 2162
2 2157 2165
2 2158 2167
2 2161 2169
2 2163 2164
2 2166 2173
2 2168 2172
2 2170 2175
2 2171 2179
2 2174 2176
2 2177 2181
2 2178 2185
2 2180 2184
2 2182 2186
2 2183 2190
2 2187 2191
2 2188 2193
2 2189 2196
2 2192 2198
2 2194 2199
2 2195 2203
2 2197 2205
2 2200 2207
2 2201 2206
2 2202 2210
2 2204 2212
2 2208 2213
2 2209 2215
2 2211 2216
2 2214 2221
2 2217 2222
2 2218 2220
2 2219 2226
2 2223 2228
2 2224 2227
2 2225 2232
2 2229 2235
2 2230 2234
2 2231 2237
2 2233 2241
2 2236 2243
2 2238 2245
2 2239 2246
2 2240 2242
2 2244 2248
2 2247 2252
2 2249 2254
2 2250 2253
2 2251 2259
2 2255 2260
2 2256 2262
2 2257 2265
2 2258 2267
2 2261 2264
2 2263 2268
2 2266 2271
2 2269 2274
2 2270 2277
2 2272 2278
2 2273 2281
2 2275 2282
2 2276 2280
2 2279 2285
2 2283 2289
2 2284 2288
2 2286 2293
2 2287 2295
2 2290 2296
2 2291 2297
2 2292 2300
2 2294 2303
2 2298 2305
2 2299 2307
2 2301 2308
2 2302 2309
2 2304 2313
2 2306 2311
2 2310 2314
2 2312 2318
2 2315 2320
2 2316 2323
2 2317 2324
2 2319 2326
2 2321 2329
2 2322 2331
2 2325 2328
2 2327 2335
2 2330 2337
2 2332 2333
2 2334 2340
2 2336 2342
2 2338 2345
2 2339 2343
2 2341 2344
2 2346 2351
2 2347 2353
2 2348 2352
2 2349 2356
2 2350 2358
2 2354 2357
2 2355 2363
2 2359 2364
2 2360 2367
2 2361 2368
2 2362 2370
2 2365 2373
2 2366 2375
2 2369 2376
2 2371 2378
2 2372 2381
2 2374 2382
2 2377 2384
2 2379 2386
2 2380 2389
2 2383 2388
2 2385 2390
2 2387 2395
2 2391 2393
2 2392 2398
2 2394 2400
2 2396 2401
2 2397 2399
2 2402 2407
2 2403 2406
2 2404 2405
2 2408 2412
2 2409 2410
2 2411 2417
2 2413 2418
2 2414 2415
2 2416 2422
2 2419 2425
2 2420 2427
2 2421 2428
2 2423 2431
2 2424 2432
2 2426 2435
2 2429 2437
2 2430 2439
2 2433 2436
2 2434 2442
2 2438 2444
2 2440 2447
2 2441 2443
2 2445 2451
2 2446 2453
2 2448 2452
2 2449 2456
2 2450 2459
2 2454 2461
2 2455 2457
2 2458 2462
2 2460 2467
2 2463 2469
2 2464 2466
2 2465 2472
2 2468 2475
2 2470 2476
2 2471 2473
2 2474 2481
2 2477 2480
2 2478 2484
2 2479 2486
2 2482 2489
2 2483 2488
2 2485 2490
2 2487 2495
2 2491 2492
2 2493 2499
2 2494 2498
2 2496 2503
2 2497 2500
2 2501 2506
2 2502 2509
2 2504 2508
2 2505 2512
2 2507 2514
2 2510 2516
2 2511 2517
2 2513 2520
2 2515 2522
2 2518 2525
2 2519 2527
2 2521 2529
2 2523 2531
2 2524 2533
2 2526 2535
2 2528 2536
2 2530 2538
2 2532 2541
2 2534 2537
2 2539 2545
2 2540 2544
2 2542 2548
2 2543 2549
2 2546 2550
2 2547 2555
2 2551 2554
2 2552 2558
2 2553 2560
2 2556 2563
2 2557 2565
2 2559 2566
2 2561 2567
2 2562 2571
2 2564 2572
2 2568 2575
2 2569 2573
2 2570 2578
2 2574 2577
2 2576 2582
2 2579 2584
2 2580 2585
2 2581 2589
2 2583 2590
2 2586 2592
2 2587 2595
2 2588 2596
2 2591 2598
2 2593 2600
2 2594 2601
2 2597 2604
2 2599 2602
2 2603 2608
2 2605 2610
2 2606 2612
2 2607 2611
2 2609 2614
2 2613 2619
2 2615 2621
2 2616 2622
2 2617 2620
2 2618 2627
2 2623 2628
2 2624 2629
2 2625 2632
2 2626 2634
2 2630 2635
2 2631 2636
2 2633 2639
2 2637 2642
2 2638 2645
2 2640 2647
2 2641 2649
2 2643 2651
2 2644 2652
2 2646 2653
2 2648 2657
2 2650 2656
2 2654 2661
2 2655 2662
2 2658 2664
2 2659 2663
2 2660 2669
2 2665 2668
2 2666 2672
2 2667 2674
2 2670 2671
2 2673 2676
2 2675 2681
2 2677 2683
2 2678 2685
2 2679 2687
2 2680 2686
2 2682 2689
2 2684 2691
2 2688 2694
2 2690 2697
2 2692 2695
2 2693 2700
2 2696 2702
2 2698 2705
2 2699 2707
2 2701 2709
2 2703 2711
2 2704 2713
2 2706 2712
2 2708 2716
2 2710 2718
2 2714 2715
2 2717 2723
2 2719 2722
2 2720 2727
2 2721 2728
2 2724 2726
2 2725 2732
2 2729 2730
2 2731 2736
2 2733 2734
2 2735 2741
2 2737 2740
2 2738 2745
2 2739 2746
2 2742 2749
2 2743 2751
2 2744 2752
2 2747 2754
2 2748 2750
2 2753 2759
2 2755 2758
2 2756 2762
2 2757 2765
2 2760 2766
2 2761 2769
2 2763 2771
2 2764 2772
2 2767 2775
2 2768 2776
2 2770 2773
2 2774 2781
2 2777 2783
2 2778 2785
2 2779 2786
2 2780 2789
2 2782 2790
2 2784 2793
2 2787 2795
2 2788 2797
2 2791 2798
2 2792 2799
2 2794 2802
2 2796 2804
2 2800 2806
2 2801 2809
2 2803 2811
2 2805 2808
2 2807 2814
2 2810 2817
2 2812 2819
2 2813 2821
2 2815 2823
2 2816 2824
2 2818 2825
2 2820 2828
2 2822 2827
2 2826 2831
2 2829 2835
2 2830 2836
2 2832 2837
2 2833 2841
2 2834 2843
2 2838 2839
2 2840 2842
2 2844 2848
2 2845 2847
2 2846 2852
2 2849 2854
2 2850 2857
2 2851 2859
2 2853 2861
2 2855 2862
2 2856 2858
2 2860 2866
2 2863 2864
2 2865 2870
2 2867 2872
2 2868 2874
2 2869 2877
2 2871 2879
2 2873 2875
2 2876 2881
2 2878 2883
2 2880 2887
2 2882 2884
2 2885 2891
2 2886 2892
2 2888 2895
2 2889 2890
2 2893 2898
2 2894 2900
2 2896 2903
2 2897 2905
2 2899 2907
2 2901 2906
2 2902 2911
2 2904 2912
2 2908 2909
2 2910 2916
2 2913 2919
2 2914 2920
2 2915 2922
2 2917 2924
2 2918 2927
2 2921 2929
2 2923 2928
2 2925 2932
2 2926 2935
2 2930 2937
2 2931 2939
2 2933 2941
2 2934 2942
2 2936 2944
2 2938 2946
2 2940 2949
2 2943 2950
2 2945 2952
2 2947 2954
2 2948 2957
2 2951 2953
2 2955 2956
2 2958 2962
2 2959 2964
2 2960 2961
2 2963 2968
2 2965 2966
2 2967 2970
2 2969 2974
2 2971 2977
2 2972 2978
2 2973 2980
2 2975 2982
2 2976 2985
2 2979 2983
2 2981 2987
2 2984 2990
2 2986 2988
2 2989 2994
2 2991 2996
2 2992 2999
2 2993 3001
2 2995 3002
2 2997 3004
2 2998 3006
2 3000 3008
2 3003 3011
2 3005 3012
2 3007 3015
2 3009 3017
2 3010 3019
2 3013 3020
2 3014 3022
2 3016 3024
2 3018 3021
2 3023 3028
2 3025 3029
2 3026 3031
2 3027 3035
2 3030 3037
2 3032 3038
2 3033 3041
2 3034 3042
2 3036 3044
2 3039 3047
2 3040 3049
2 3043 3050
2 3045 3052
2 3046 3055
2 3048 3053
2 3051 3058
2 3054 3060
2 3056 3062
2 3057 3059
2 3061 3064
2 3063 3068
2 3065 3070
2 3066 3072
2 3067 3075
2 3069 3076
2 3071 3078
2 3073 3074
2 3077 3083
2 3079 3085
2 3080 3087
2 3081 3089
2 3082 3088
2 3084 3092
2 3086 3091
2 3090 3096
2 3093 3099
2 3094 3097
2 3095 3102
2 3098 3104
2 3100 3106
2 3101 3107
2 3103 3105
2 3108 3112
2 3109 3114
2 3110 3115
2 3111 3117
2 3113 3120
2 3116 3121
2 3118 3123
2 3119 3126
2 3122 3129
2 3124 3127
2 3125 3132
2 3128 3135
2 3130 3137
2 3131 3134
2 3133 3136
2 3138 3142
2 3139 3145
2 3140 3141
2 3143 3149
2 3144 3146
2 3147 3153
2 3148 3155
2 3150 3154
2 3151 3156
2 3152 3161
2 3157 3158
2 3159 3165
2 3160 3167
2 3162 3169
2 3163 3170
2 3164 3173
2 3166 3174
2 3168 3176
2 3171 3178
2 3172 3177
2 3175 3179
2 3180 3181
2 3182 3186
2 3183 3188
2 3184 3189
2 3185 3191
2 3187 3195
2 3190 3196
2 3192 3199
2 3193 3201
2 3194 3203
2 3197 3205
2 3198 3202
2 3200 3208
2 3204 3209
2 3206 3212
2 3207 3214
2 3210 3216
2 3211 3213
2 3215 3220
2 3217 3223
2 3218 3225
2 3219 3226
2 3221 3228
2 3222 3229
2 3224 3233
2 3227 3235
2 3230 3234
2 3231 3239
2 3232 3240
2 3236 3242
2 3237 3244
2 3238 3246
2 3241 3248
2 3243 3247
2 3245 3253
2 3249 3254
2 3250 3257
2 3251 3258
2 3252 3261
2 3255 3263
2 3256 3265
2 3259 3262
2 3260 3267
2 3264 3271
2 3266 3273
2 3268 3272
2 3269 3276
2 3270 3278
2 3274 3280
2 3275 3281
2 3277 3279
2 3282 3286
2 3283 3284
2 3285 3290
2 3287 3293
2 3288 3295
2 3289 3297
2 3291 3299
2 3292 3300
2 3294 3302
2 3296 3301
2 3298 3306
2 3303 3309
2 3304 3308
2 3305 3311
2 3307 3312
2 3310 3316
2 3313 3318
2 3314 3321
2 3315 3323
2 3317 3322
2 3319 3324
2 3320 3327
2 3325 3330
2 3326 3332
2 3328 3334
2 3329 3337
2 3331 3339
2 3333 3340
2 3335 3338
2 3336 3344
2 3341 3347
2 3342 3343
2 3345 3348
2 3346 3352
2 3349 3355
2 3350 3357
2 3351 3356
2 3353 3361
2 3354 3362
2 3358 3364
2 3359 3367
2 3360 3368
2 3363 3371
2 3365 3370
2 3366 3375
2 3369 3376
2 3372 3379
2 3373 3381
2 3374 3382
2 3377 3385
2 3378 3386
2 3380 3389
2 3383 3391
2 3384 3392
2 3387 3394
2 3388 3396
2 3390 3399
2 3393 3401
2 3395 3402
2 3397 3405
2 3398 3407
2 3400 3409
2 3403 3411
2 3404 3412
2 3406 3413
2 3408 3416
2 3410 3419
2 3414 3420
2 3415 3422
2 3417 3424
2 3418 3425
2 3421 3428
2 3423 3431
2 3426 3427
2 3429 3434
2 3430 3437
2 3432 3439
2 3433 3438
2 3435 3443
2 3436 3442
2 3440 3445
2 3441 3449
2 3444 3451
2 3446 3450
2 3447 3454
2 3448 3457
2 3452 3455
2 3453 3458
2 3456 3463
2 3459 3464
2 3460 3466
2 3461 3469
2 3462 3467
2 3465 3473
2 3468 3475
2 3470 3474
2 3471 3476
2 3472 3480
2 3477 3482
2 3478 3484
2 3479 3485
2 3481 3488
2 3483 3491
2 3486 3493
2 3487 3492
2 3489 3496
2 3490 3499
2 3494 3498
2 3495 3503
2 3497 3505
2 3500 3504
2 3501 3508
2 3502 3511
2 3506 3509
2 3507 3515
2 3510 3516
2 3512 3519
2 3513 3518
2 3514 3517
2 3520 3521
2 3522 3526
2 3523 3527
2 3524 3531
2 3525 3530
2 3528 3534
2 3529 3536
2 3532 3539
2 3533 3540
2 3535 3542
2 3537 3544
2 3538 3543
2 3541 3547
2 3545 3546
2 3548 3553
2 3549 3555
2 3550 3557
2 3551 3558
2 3552 3561
2 3554 3559
2 3556 3564
2 3560 3566
2 3562 3567
2 3563 3570
2 3565 3573
2 3568 3574
2 3569 3577
2 3571 3579
2 3572 3581
2 3575 3583
2 3576 3582
2 3578 3587
2 3580 3584
2 3585 3590
2 3586 3593
2 3588 3595
2 3589 3596
2 3591 3598
2 3592 3600
2 3594 3602
2 3597 3605
2 3599 3607
2 3601 3608
2 3603 3610
2 3604 3611
2 3606 3615
2 3609 3617
2 3612 3618
2 3613 3621
2 3614 3620
2 3616 3619
2 3622 3626
2 3623 3629
2 3624 3628
2 3625 3632
2 3627 3635
2 3630 3636
2 3631 3639
2 3633 3641
2 3634 3643
2 3637 3645
2 3638 3647
2 3640 3648
2 3642 3651
2 3644 3649
2 3646 3655
2 3650 3656
2 3652 3654
2 3653 3657
2 3658 3662
2 3659 3665
2 3660 3664
2 3661 3669
2 3663 3671
2 3666 3672
2 3667 3673
2 3668 3674
2 3670 3678
2 3675 3677
2 3676 3681
2 3679 3685
2 3680 3686
2 3682 3689
2 3683 3691
2 3684 3692
2 3687 3694
2 3688 3697
2 3690 3698
2 3693 3696
2 3695 3700
2 3699 3704
2 3701 3705
2 3702 3708
2 3703 3707
2 3706 3712
2 3709 3715
2 3710 3716
2 3711 3718
2 3713 3721
2 3714 3717
2 3719 3724
2 3720 3727
2 3722 3728
2 3723 3730
2 3725 3731
2 3726 3734
2 3729 3736
2 3732 3735
2 3733 3741
2 3737 3743
2 3738 3745
2 3739 3746
2 3740 3749
2 3742 3750
2 3744 3748
2 3747 3753
2 3751 3757
2 3752 3756
2 3754 3760
2 3755 3761
2 3758 3765
2 3759 3762
2 3763 3769
2 3764 3768
2 3766 3773
2 3767 3775
2 3770 3777
2 3771 3772
2 3774 3781
2 3776 3782
2 3778 3783
2 3779 3784
2 3780 3789
2 3785 3791
2 3786 3792
2 3787 3795
2 3788 3793
2 3790 3798
2 3794 3799
2 3796 3802
2 3797 3803
2 3800 3806
2 3801 3808
2 3804 3811
2 3805 3809
2 3807 3812
2 3810 3817
2 3813 3818
2 3814 3821
2 3815 3822
2 3816 3825
2 3819 3824
2 3820 3828
2 3823 3830
2 3826 3827
2 3829 3834
2 3831 3837
2 3832 3839
2 3833 3840
2 3835 3842
2 3836 3844
2 3838 3845
2 3841 3849
2 3843 3846
2 3847 3853
2 3848 3854
2 3850 3857
2 3851 3859
2 3852 3860
2 3855 3862
2 3856 3863
2 3858 3866
2 3861 3869
2 3864 3870
2 3865 3873
2 3867 3875
2 3868 3877
2 3871 3878
2 3872 3880
2 3874 3882
2 3876 3885
2 3879 3887
2 3881 3889
2 3883 3891
2 3884 3892
2 3886 3895
2 3888 3896
2 3890 3899
2 3893 3894
2 3897 3903
2 3898 3904
2 3900 3905
2 3901 3906
2 3902 3911
2 3907 3913
2 3908 3912
2 3909 3914
2 3910 3917
2 3915 3916
2 3918 3922
2 3919 3924
2 3920 3926
2 3921 3927
2 3923 3930
2 3925 3932
2 3928 3933
2 3929 3935
2 3931 3939
2 3934 3940
2 3936 3942
2 3937 3944
2 3938 3945
2 3941 3947
2 3943 3950
2 3946 3951
2 3948 3949
2 3952 3956
2 3953 3958
2 3954 3961
2 3955 3963
2 3957 3965
2 3959 3966
2 3960 3969
2 3962 3968
2 3964 3973
2 3967 3972
2 3970 3977
2 3971 3978
2 3974 3980
2 3975 3983
2 3976 3985
2 3979 3987
2 3981 3984
2 3982 3991
2 3986 3993
2 3988 3994
2 3989 3997
2 3990 3992
2 3995 4000
2 3996 4001
2 3998 4004
2 3999 4002
2 4003 4009
2 4005 4011
2 4006 4012
2 4007 4014
2 4008 4016
2 4010 4019
2 4013 4018
2 4015 4020
2 4017 4025
2 4021 4026
2 4022 4027
2 4023 4031
2 4024 4030
2 4028 4032
2 4029 4036
2 4033 4038
2 4034 4041
2 4035 4043
2 4037 4044
2 4039 4046
2 4040 4047
2 4042 4048
2 4045 4052
2 4049 4054
2 4050 4055
2 4051 4058
2 4053 4057
2 4056 4063
2 4059 4064
2 4060 4066
2 4061 4069
2 4062 4065
2 4067 4070
2 4068 4074
2 4071 4076
2 4072 4079
2 4073 4078
2 4075 4077
2 4080 4082
2 4081 4085
2 4083 4089
2 4084 4090
2 4086 4093
2 4087 4091
2 4088 4092
2 4094 4097
2 4095 4100
2 4096 4102
2 4098 4104
2 4099 4106
2 4101 4107
2 4103 4108
2 4105 4112
2 4109 4110
2 4111 4116
2 4113 4115
2 4114 4120
2 4117 4122
2 4118 4124
2 4119 4126
2 4121 4128
2 4123 4131
2 4125 4132
2 4127 4135
2 4129 4137
2 4130 4139
2 4133 4141
2 4134 4136
2 4138 4144
2 4140 4147
2 4142 4149
2 4143 4150
2 4145 4151
2 4146 4155
2 4148 4156
2 4152 4157
2 4153 4161
2 4154 4163
2 4158 4164
2 4159 4167
2 4160 4165
2 4162 4170
2 4166 4173
2 4168 4172
2 4169 4176
2 4171 4179
2 4174 4175
2 4177 4178
2 4180 4185
2 4181 4187
2 4182 4188
2 4183 4184
2 4186 4193
2 4189 4194
2 4190 4197
2 4191 4196
2 4192 4200
2 4195 4202
2 4198 4205
2 4199 4206
2 4201 4208
2 4203 4211
2 4204 4209
2 4207 4215
2 4210 4217
2 4212 4214
2 4213 4221
2 4216 4222
2 4218 4220
2 4219 4226
2 4223 4228
2 4224 4230
2 4225 4233
2 4227 4235
2 4229 4237
2 4231 4238
2 4232 4240
2 4234 4236
2 4239 4244
2 4241 4245
2 4242 4248
2 4243 4246
2 4247 4249
2 4250 4255
2 4251 4254
2 4252 4259
2 4253 4260
2 4256 4262
2 4257 4263
2 4258 4267
2 4261 4269
2 4264 4271
2 4265 4273
2 4266 4272
2 4268 4274
2 4270 4279
2 4275 4280
2 4276 4283
2 4277 4284
2 4278 4286
2 4281 4285
2 4282 4291
2 4287 4293
2 4288 4292
2 4289 4290
2 4294 4298
2 4295 4301
2 4296 4297
2 4299 4305
2 4300 4307
2 4302 4308
2 4303 4311
2 4304 4312
2 4306 4314
2 4309 4313
2 4310 4318
2 4315 4320
2 4316 4322
2 4317 4325
2 4319 4323
2 4321 4328
2 4324 4331
2 4326 4330
2 4327 4335
2 4329 4337
2 4332 4339
2 4333 4340
2 4334 4341
2 4336 4344
2 4338 4345
2 4342 4343
2 4346 4351
2 4347 4352
2 4348 4355
2 4349 4357
2 4350 4359
2 4353 4361
2 4354 4363
2 4356 4358
2 4360 4367
2 4362 4369
2 4364 4371
2 4365 4372
2 4366 4374
2 4368 4375
2 4370 4376
2 4373 4381
2 4377 4379
2 4378 4384
2 4380 4386
2 4382 4387
2 4383 4390
2 4385 4392
2 4388 4394
2 4389 4393
2 4391 4399
2 4395 4400
2 4396 4402
2 4397 4405
2 4398 4406
2 4401 4407
2 4403 4410
2 4404 4412
2 4408 4415
2 4409 4417
2 4411 4419
2 4413 4421
2 4414 4422
2 4416 4425
2 4418 4427
2 4420 4428
2 4423 4430
2 4424 4426
2 4429 4434
2 4431 4435
2 4432 4439
2 4433 4440
2 4436 4442
2 4437 4438
2 4441 4447
2 4443 4449
2 4444 4451
2 4445 4452
2 4446 4453
2 4448 4456
2 4450 4457
2 4454 4461
2 4455 4458
2 4459 4465
2 4460 4467
2 4462 4469
2 4463 4468
2 4464 4473
2 4466 4475
2 4470 4477
2 4471 4474
2 4472 4480
2 4476 4478
2 4479 4482
2 4481 4487
2 4483 4488
2 4484 4490
2 4485 4491
2 4486 4495
2 4489 4496
2 4492 4498
2 4493 4501
2 4494 4502
2 4497 4504
2 4499 4506
2 4500 4509
2 4503 4511
2 4505 4508
2 4507 4514
2 4510 4516
2 4512 4518
2 4513 4521
2 4515 4522
2 4517 4524
2 4519 4527
2 4520 4529
2 4523 4525
2 4526 4532
2 4528 4534
2 4530 4537
2 4531 4538
2 4533 4535
2 4536 4540
2 4539 4544
2 4541 4546
2 4542 4549
2 4543 4550
2 4545 4551
2 4547 4555
2 4548 4557
2 4552 4559
2 4553 4561
2 4554 4558
2 4556 4565
2 4560 4567
2 4562 4564
2 4563 4571
2 4566 4572
2 4568 4574
2 4569 4573
2 4570 4579
2 4575 4578
2 4576 4582
2 4577 4581
2 4580 4584
2 4583 4588
2 4585 4591
2 4586 4592
2 4587 4595
2 4589 4596
2 4590 4599
2 4593 4600
2 4594 4598
2 4597 4604
2 4601 4607
2 4602 4605
2 4603 4611
2 4606 4613
2 4608 4609
2 4610 4617
2 4612 4619
2 4614 4621
2 4615 4623
2 4616 4622
2 4618 4627
2 4620 4628
2 4624 4631
2 4625 4630
2 4626 4635
2 4629 4637
2 4632 4638
2 4633 4636
2 4634 4639
2 4640 4644
2 4641 4646
2 4642 4649
2 4643 4650
2 4645 4653
2 4647 4655
2 4648 4657
2 4651 4656
2 4652 4661
2 4654 4663
2 4658 4659
2 4660 4662
2 4664 4668
2 4665 4670
2 4666 4671
2 4667 4669
2 4672 4675
2 4673 4679
2 4674 4678
2 4676 4681
2 4677 4685
2 4680 4684
2 4682 4688
2 4683 4690
2 4686 4692
2 4687 4695
2 4689 4696
2 4691 4694
2 4693 4699
2 4697 4702
2 4698 4703
2 4700 4706
2 4701 4704
2 4705 4711
2 4707 4708
2 4709 4713
2 4710 4717
2 4712 4716
2 4714 4720
2 4715 4723
2 4718 4725
2 4719 4727
2 4721 4726
2 4722 4731
2 4724 4732
2 4728 4734
2 4729 4736
2 4730 4739
2 4733 4737
2 4735 4742
2 4738 4741
2 4740 4747
2 4743 4746
2 4744 4750
2 4745 4752
2 4748 4754
2 4749 4757
2 4751 4758
2 4753 4761
2 4755 4762
2 4756 4763
2 4759 4766
2 4760 4767
2 4764 4771
2 4765 4773
2 4768 4774
2 4769 4777
2 4770 4775
2 4772 4780
2 4776 4783
2 4778 4781
2 4779 4786
2 4782 4788
2 4784 4790
2 4785 4792
2 4787 4789
2 4791 4796
2 4793 4798
2 4794 4801
2 4795 4802
2 4797 4804
2 4799 4807
2 4800 4808
2 4803 4811
2 4805 4810
2 4806 4814
2 4809 4813
2 4812 4818
2 4815 4821
2 4816 4823
2 4817 4822
2 4819 4826
2 4820 4829
2 4824 4830
2 4825 4833
2 4827 4832
2 4828 4837
2 4831 4839
2 4834 4841
2 4835 4840
2 4836 4842
2 4838 4847
2 4843 4848
2 4844 4845
2 4846 4851
2 4849 4855
2 4850 4857
2 4852 4859
2 4853 4861
2 4854 4863
2 4856 4865
2 4858 4867
2 4860 4868
2 4862 4870
2 4864 4871
2 4866 4874
2 4869 4875
2 4872 4879
2 4873 4877
2 4876 4883
2 4878 4884
2 4880 4886
2 4881 4887
2 4882 4891
2 4885 4892
2 4888 4894
2 4889 4890
2 4893 4898
2 4895 4899
2 4896 4902
2 4897 4904
2 4900 4907
2 4901 4906
2 4903 4910
2 4905 4912
2 4908 4914
2 4909 4916
2 4911 4917
2 4913 4918
2 4915 4922
2 4919 4925
2 4920 4926
2 4921 4923
2 4924 4929
2 4927 4933
2 4928 4935
2 4930 4932
2 4931 4939
2 4934 4940
2 4936 4943
2 4937 4942
2 4938 4946
2 4941 4949
2 4944 4951
2 4945 4953
2 4947 4948
2 4950 4957
2 4952 4959
2 4954 4961
2 4955 4960
2 4956 4964
2 4958 4965
2 4962 4969
2 4963 4966
2 4967 4972
2 4968 4975
2 4970 4977
2 4971 4979
2 4973 4981
2 4974 4983
2 4976 4982
2 4978 4986
2 4980 4989
2 4984 4990
2 4985 4992
2 4987 4995
2 4988 4997
2 4991 4994
2 4993 5001
2 4996 5003
2 4998 5005
2 4999 5006
2 5000 5007
2 5002 5008
2 5004 5013
2 5009 5010
2 5011 5017
2 5012 5019
2 5014 5020
2 5015 5023
2 5016 5024
2 5018 5026
2 5021 5028
2 5022 5029
2 5025 5032
2 5027 5035
2 5030 5036
2 5031 5038
2 5033 5040
2 5034 5042
2 5037 5044
2 5039 5046
2 5041 5048
2 5043 5047
2 5045 5052
2 5049 5051
2 5050 5056
2 5053 5058
2 5054 5061
2 5055 5059
2 5057 5064
2 5060 5066
2 5062 5067
2 5063 5068
2 5065 5073
2 5069 5074
2 5070 5077
2 5071 5072
2 5075 5081
2 5076 5083
2 5078 5085
2 5079 5086
2 5080 5082
2 5084 5090
2 5087 5088
2 5089 5094
2 5091 5096
2 5092 5097
2 5093 5101
2 5095 5098
2 5099 5104
2 5100 5106
2 5102 5107
2 5103 5108
2 5105 5113
2 5109 5111
2 5110 5117
2 5112 5118
2 5114 5121
2 5115 5122
2 5116 5125
2 5119 5120
2 5123 5128
2 5124 5131
2 5126 5132
2 5127 5134
2 5129 5136
2 5130 5133
2 5135 5140
2 5137 5141
2 5138 5142
2 5139 5146
2 5143 5149
2 5144 5151
2 5145 5148
2 5147 5155
2 5150 5156
2 5152 5157
2 5153 5161
2 5154 5163
2 5158 5164
2 5159 5166
2 5160 5168
2 5162 5170
2 5165 5172
2 5167 5174
2 5169 5173
2 5171 5178
2 5175 5181
2 5176 5182
2 5177 5183
2 5179 5187
2 5180 5189
2 5184 5191
2 5185 5190
2 5186 5192
2 5188 5197
2 5193 5198
2 5194 5200
2 5195 5203
2 5196 5205
2 5199 5207
2 5201 5209
2 5202 5211
2 5204 5208
2 5206 5214
2 5210 5212
2 5213 5219
2 5215 5218
2 5216 5222
2 5217 5225
2 5220 5227
2 5221 5229
2 5223 5231
2 5224 5233
2 5226 5235
2 5228 5236
2 5230 5239
2 5232 5240
2 5234 5237
2 5238 5244
2 5241 5245
2 5242 5246
2 5243 5251
2 5247 5250
2 5248 5255
2 5249 5253
2 5252 5254
2 5256 5260
2 5257 5262
2 5258 5265
2 5259 5266
2 5261 5268
2 5263 5271
2 5264 5273
2 5267 5274
2 5269 5277
2 5270 5278
2 5272 5276
2 5275 5279
2 5280 5281
2 5282 5287
2 5283 5286
2 5284 5289
2 5285 5293
2 5288 5295
2 5290 5294
2 5291 5299
2 5292 5297
2 5296 5298
2 5300 5304
2 5301 5303
2 5302 5308
2 5305 5310
2 5306 5313
2 5307 5309
2 5311 5316
2 5312 5317
2 5314 5321
2 5315 5323
2 5318 5324
2 5319 5325
2 5320 5329
2 5322 5330
2 5326 5332
2 5327 5333
2 5328 5336
2 5331 5338
2 5334 5341
2 5335 5343
2 5337 5345
2 5339 5346
2 5340 5342
2 5344 5350
2 5347 5351
2 5348 5355
2 5349 5357
2 5352 5359
2 5353 5356
2 5354 5363
2 5358 5362
2 5360 5366
2 5361 5368
2 5364 5371
2 5365 5373
2 5367 5375
2 5369 5370
2 5372 5378
2 5374 5380
2 5376 5383
2 5377 5379
2 5381 5387
2 5382 5389
2 5384 5391
2 5385 5386
2 5388 5395
2 5390 5397
2 5392 5398
2 5393 5401
2 5394 5400
2 5396 5399
2 5402 5406
2 5403 5409
2 5404 5410
2 5405 5413
2 5407 5412
2 5408 5416
2 5411 5418
2 5414 5419
2 5415 5422
2 5417 5424
2 5420 5427
2 5421 5426
2 5423 5429
2 5425 5430
2 5428 5432
2 5431 5437
2 5433 5439
2 5434 5441
2 5435 5443
2 5436 5442
2 5438 5446
2 5440 5449
2 5444 5451
2 5445 5448
2 5447 5453
2 5450 5457
2 5452 5458
2 5454 5461
2 5455 5462
2 5456 5460
2 5459 5467
2 5463 5466
2 5464 5471
2 5465 5470
2 5468 5474
2 5469 5476
2 5472 5479
2 5473 5481
2 5475 5482
2 5477 5483
2 5478 5487
2 5480 5488
2 5484 5489
2 5485 5492
2 5486 5494
2 5490 5496
2 5491 5498
2 5493 5495
2 5497 5503
2 5499 5505
2 5500 5504
2 5501 5508
2 5502 5511
2 5506 5513
2 5507 5515
2 5509 5517
2 5510 5518
2 5512 5514
2 5516 5522
2 5519 5523
2 5520 5526
2 5521 5529
2 5524 5530
2 5525 5531
2 5527 5534
2 5528 5536
2 5532 5533
2 5535 5540
2 5537 5538
2 5539 5544
2 5541 5547
2 5542 5548
2 5543 5551
2 5545 5553
2 5546 5550
2 5549 5556
2 5552 5559
2 5554 5558
2 5555 5563
2 5557 5561
2 5560 5566
2 5562 5569
2 5564 5570
2 5565 5573
2 5567 5574
2 5568 5577
2 5571 5579
2 5572 5578
2 5575 5583
2 5576 5584
2 5580 5586
2 5581 5585
2 5582 5589
2 5587 5592
2 5588 5593
2 5590 5594
2 5591 5598
2 5595 5600
2 5596 5602
2 5597 5599
2 5601 5606
2 5603 5609
2 5604 5610
2 5605 5613
2 5607 5615
2 5608 5616
2 5611 5612
2 5614 5621
2 5617 5622
2 5618 5625
2 5619 5627
2 5620 5628
2 5623 5631
2 5624 5633
2 5626 5632
2 5629 5635
2 5630 5639
2 5634 5641
2 5636 5643
2 5637 5644
2 5638 5640
2 5642 5649
2 5645 5651
2 5646 5653
2 5647 5652
2 5648 5657
2 5650 5658
2 5654 5661
2 5655 5663
2 5656 5665
2 5659 5666
2 5660 5668
2 5662 5671
2 5664 5672
2 5667 5674
2 5669 5676
2 5670 5678
2 5673 5681
2 5675 5683
2 5677 5682
2 5679 5686
2 5680 5689
2 5684 5691
2 5685 5693
2 5687 5694
2 5688 5696
2 5690 5699
2 5692 5697
2 5695 5702
2 5698 5705
2 5700 5701
2 5703 5709
2 5704 5710
2 5706 5713
2 5707 5714
2 5708 5717
2 5711 5719
2 5712 5720
2 5715 5721
2 5716 5724
2 5718 5725
2 5722 5729
2 5723 5728
2 5726 5733
2 5727 5730
2 5731 5732
2 5734 5736
2 5735 5741
2 5737 5742
2 5738 5744
2 5739 5745
2 5740 5747
2 5743 5751
2 5746 5752
2 5748 5754
2 5749 5756
2 5750 5758
2 5753 5757
2 5755 5763
2 5759 5760
2 5761 5766
2 5762 5769
2 5764 5770
2 5765 5773
2 5767 5772
2 5768 5777
2 5771 5776
2 5774 5779
2 5775 5783
2 5778 5785
2 5780 5782
2 5781 5788
2 5784 5791
2 5786 5793
2 5787 5794
2 5789 5796
2 5790 5792
2 5795 5800
2 5797 5803
2 5798 5804
2 5799 5807
2 5801 5808
2 5802 5809
2 5805 5813
2 5806 5815
2 5810 5817
2 5811 5812
2 5814 5820
2 5816 5823
2 5818 5824
2 5819 5825
2 5821 5829
2 5822 5831
2 5826 5832
2 5827 5835
2 5828 5836
2 5830 5839
2 5833 5834
2 5837 5840
2 5838 5845
2 5841 5844
2 5842 5849
2 5843 5850
2 5846 5848
2 5847 5854
2 5851 5856
2 5852 5853
2 5855 5860
2 5857 5863
2 5858 5864
2 5859 5865
2 5861 5869
2 5862 5870
2 5866 5873
2 5867 5875
2 5868 5872
2 5871 5879
2 5874 5881
2 5876 5882
2 5877 5885
2 5878 5886
2 5880 5883
2 5884 5891
2 5887 5890
2 5888 5895
2 5889 5896
2 5892 5899
2 5893 5898
2 5894 5902
2 5897 5905
2 5900 5904
2 5901 5909
2 5903 5908
2 5906 5913
2 5907 5910
2 5911 5916
2 5912 5918
2 5914 5919
2 5915 5920
2 5917 5921
2 5922 5926
2 5923 5924
2 5925 5931
2 5927 5929
2 5928 5935
2 5930 5936
2 5932 5939
2 5933 5941
2 5934 5938
2 5937 5945
2 5940 5947
2 5942 5948
2 5943 5950
2 5944 5951
2 5946 5954
2 5949 5952
2 5953 5959
2 5955 5958
2 5956 5962
2 5957 5965
2 5960 5966
2 5961 5968
2 5963 5970
2 5964 5972
2 5967 5973
2 5969 5977
2 5971 5979
2 5974 5981
2 5975 5982
2 5976 5980
2 5978 5986
2 5983 5989
2 5984 5991
2 5985 5993
2 5987 5994
2 5988 5995
2 5990 5998
2 5992 6000
2 5996 6003
2 5997 6005
2 5999 6002
2 6001 6008
2 6004 6010
2 6006 6012
2 6007 6015
2 6009 6016
2 6011 6017
2 6013 6021
2 6014 6022
2 6018 6023
2 6019 6026
2 6020 6028
2 6024 6031
2 6025 6033
2 6027 6034
2 6029 6036
2 6030 6038
2 6032 6035
2 6037 6042
2 6039 6040
2 6041 6046
2 6043 6049
2 6044 6050
2 6045 6052
2 6047 6053
2 6048 6051
2 6054 6058
2 6055 6060
2 6056 6063
2 6057 6064
2 6059 6065
2 6061 6068
2 6062 6069
2 6066 6073
2 6067 6075
2 6070 6076
2 6071 6078
2 6072 6077
2 6074 6079
2 6080 6085
2 6081 6087
2 6082 6088
2 6083 6090
2 6084 6093
2 6086 6095
2 6089 6097
2 6091 6096
2 6092 6098
2 6094 6102
2 6099 6104
2 6100 6107
2 6101 6109
2 6103 6110
2 6105 6111
2 6106 6112
2 6108 6114
2 6113 6118
2 6115 6121
2 6116 6123
2 6117 6125
2 6119 6127
2 6120 6129
2 6122 6126
2 6124 6133
2 6128 6134
2 6130 6137
2 6131 6132
2 6135 6141
2 6136 6142
2 6138 6144
2 6139 6147
2 6140 6146
2 6143 6149
2 6145 6152
2 6148 6155
2 6150 6157
2 6151 6158
2 6153 6160
2 6154 6161
2 6156 6163
2 6159 6162
2 6164 6168
2 6165 6170
2 6166 6171
2 6167 6175
2 6169 6176
2 6172 6178
2 6173 6180
2 6174 6177
2 6179 6184
2 6181 6187
2 6182 6188
2 6183 6189
2 6185 6192
2 6186 6193
2 6190 6196
2 6191 6198
2 6194 6197
2 6195 6202
2 6199 6205
2 6200 6206
2 6201 6208
2 6203 6210
2 6204 6213
2 6207 6215
2 6209 6212
2 6211 6216
2 6214 6220
2 6217 6223
2 6218 6225
2 6219 6226
2 6221 6228
2 6222 6231
2 6224 6229
2 6227 6232
2 6230 6233
2 6234 6237
2 6235 6240
2 6236 6243
2 6238 6244
2 6239 6246
2 6241 6248
2 6242 6245
2 6247 6252
2 6249 6255
2 6250 6256
2 6251 6258
2 6253 6261
2 6254 6263
2 6257 6264
2 6259 6266
2 6260 6265
2 6262 6270
2 6267 6273
2 6268 6275
2 6269 6272
2 6271 6279
2 6274 6280
2 6276 6283
2 6277 6284
2 6278 6282
2 6281 6289
2 6285 6291
2 6286 6293
2 6287 6294
2 6288 6297
2 6290 6296
2 6292 6300
2 6295 6302
2 6298 6304
2 6299 6306
2 6301 6309
2 6303 6311
2 6305 6312
2 6307 6313
2 6308 6316
2 6310 6315
2 6314 6320
2 6317 6323
2 6318 6319
2 6321 6326
2 6322 6329
2 6324 6328
2 6325 6332
2 6327 6331
2 6330 6336
2 6333 6334
2 6335 6340
2 6337 6342
2 6338 6343
2 6339 6344
2 6341 6345
2 6346 6350
2 6347 6351
2 6348 6352
2 6349 6353
2 6354 6359
2 6355 6361
2 6356 6363
2 6357 6364
2 6358 6367
2 6360 6365
2 6362 6370
2 6366 6373
2 6368 6371
2 6369 6377
2 6372 6375
2 6374 6381
2 6376 6380
2 6378 6384
2 6379 6387
2 6382 6389
2 6383 6391
2 6385 6393
2 6386 6390
2 6388 6396
2 6392 6398
2 6394 6400
2 6395 6402
2 6397 6404
2 6399 6405
2 6401 6409
2 6403 6410
2 6406 6407
2 6408 6415
2 6411 6414
2 6412 6419
2 6413 6421
2 6416 6417
2 6418 6425
2 6420 6426
2 6422 6428
2 6423 6430
2 6424 6432
2 6427 6434
2 6429 6436
2 6431 6435
2 6433 6441
2 6437 6443
2 6438 6444
2 6439 6446
2 6440 6448
2 6442 6451
2 6445 6450
2 6447 6452
2 6449 6456
2 6453 6459
2 6454 6457
2 6455 6463
2 6458 6460
2 6461 6467
2 6462 6466
2 6464 6471
2 6465 6473
2 6468 6472
2 6469 6476
2 6470 6477
2 6474 6481
2 6475 6483
2 6478 6479
2 6480 6484
2 6482 6485
2 6486 6490
2 6487 6492
2 6488 6495
2 6489 6494
2 6491 6498
2 6493 6497
2 6496 6500
2 6499 6504
2 6501 6506
2 6502 6509
2 6503 6510
2 6505 6513
2 6507 6514
2 6508 6517
2 6511 6519
2 6512 6520
2 6515 6522
2 6516 6524
2 6518 6526
2 6521 6528
2 6523 6531
2 6525 6529
2 6527 6534
2 6530 6537
2 6532 6539
2 6533 6540
2 6535 6541
2 6536 6544
2 6538 6547
2 6542 6545
2 6543 6550
2 6546 6553
2 6548 6551
2 6549 6557
2 6552 6558
2 6554 6560
2 6555 6563
2 6556 6565
2 6559 6567
2 6561 6569
2 6562 6571
2 6564 6570
2 6566 6574
2 6568 6577
2 6572 6578
2 6573 6580
2 6575 6582
2 6576 6584
2 6579 6583
2 6581 6585
2 6586 6590
2 6587 6592
2 6588 6595
2 6589 6596
2 6591 6593
2 6594 6600
2 6597 6602
2 6598 6605
2 6599 6604
2 6601 6607
2 6603 6611
2 6606 6613
2 6608 6612
2 6609 6616
2 6610 6614
2 6615 6620
2 6617 6623
2 6618 6619
2 6621 6627
2 6622 6628
2 6624 6630
2 6625 6632
2 6626 6629
2 6631 6637
2 6633 6639
2 6634 6640
2 6635 6638
2 6636 6645
2 6641 6647
2 6642 6649
2 6643 6651
2 6644 6648
2 6646 6655
2 6650 6656
2 6652 6659
2 6653 6654
2 6657 6662
2 6658 6664
2 6660 6666
2 6661 6668
2 6663 6669
2 6665 6673
2 6667 6674
2 6670 6677
2 6671 6676
2 6672 6680
2 6675 6681
2 6678 6685
2 6679 6682
2 6683 6686
2 6684 6690
2 6687 6693
2 6688 6692
2 6689 6697
2 6691 6698
2 6694 6700
2 6695 6702
2 6696 6703
2 6699 6705
2 6701 6704
2 6706 6711
2 6707 6713
2 6708 6715
2 6709 6714
2 6710 6719
2 6712 6721
2 6716 6720
2 6717 6724
2 6718 6726
2 6722 6725
2 6723 6731
2 6727 6733
2 6728 6735
2 6729 6730
2 6732 6738
2 6734 6741
2 6736 6742
2 6737 6740
2 6739 6747
2 6743 6746
2 6744 6748
2 6745 6752
2 6749 6753
2 6750 6756
2 6751 6757
2 6754 6761
2 6755 6762
2 6758 6763
2 6759 6766
2 6760 6769
2 6764 6770
2 6765 6772
2 6767 6774
2 6768 6777
2 6771 6778
2 6773 6776
2 6775 6782
2 6779 6784
2 6780 6787
2 6781 6788
2 6783 6790
2 6785 6792
2 6786 6794
2 6789 6796
2 6791 6799
2 6793 6800
2 6795 6803
2 6797 6805
2 6798 6804
2 6801 6809
2 6802 6811
2 6806 6812
2 6807 6814
2 6808 6815
2 6810 6818
2 6813 6821
2 6816 6823
2 6817 6824
2 6819 6827
2 6820 6828
2 6822 6831
2 6825 6833
2 6826 6834
2 6829 6835
2 6830 6839
2 6832 6841
2 6836 6842
2 6837 6844
2 6838 6846
2 6840 6849
2 6843 6851
2 6845 6852
2 6847 6853
2 6848 6856
2 6850 6857
2 6854 6859
2 6855 6862
2 6858 6864
2 6860 6866
2 6861 6868
2 6863 6870
2 6865 6873
2 6867 6871
2 6869 6876
2 6872 6875
2 6874 6880
2 6877 6882
2 6878 6881
2 6879 6887
2 6883 6885
2 6884 6890
2 6886 6888
2 6889 6894
2 6891 6897
2 6892 6899
2 6893 6901
2 6895 6903
2 6896 6904
2 6898 6902
2 6900 6905
2 6906 6907
2 6908 6913
2 6909 6914
2 6910 6915
2 6911 6917
2 6912 6920
2 6916 6922
2 6918 6925
2 6919 6927
2 6921 6923
2 6924 6930
2 6926 6932
2 6928 6935
2 6929 6937
2 6931 6938
2 6933 6939
2 6934 6942
2 6936 6944
2 6940 6947
2 6941 6948
2 6943 6945
2 6946 6952
2 6949 6953
2 6950 6957
2 6951 6956
2 6954 6960
2 6955 6959
2 6958 6965
2 6961 6964
2 6962 6963
2 6966 6971
2 6967 6972
2 6968 6973
2 6969 6976
2 6970 6979
2 6974 6981
2 6975 6983
2 6977 6985
2 6978 6984
2 6980 6989
2 6982 6988
2 6986 6993
2 6987 6994
2 6990 6996
2 6991 6998
2 6992 7000
2 6995 7003
2 6997 7005
2 6999 7007
2 7001 7008
2 7002 7010
2 7004 7013
2 7006 7014
2 7009 7017
2 7011 7018
2 7012 7019
2 7015 7022
2 7016 7024
2 7020 7026
2 7021 7025
2 7023 7030
2 7027 7032
2 7028 7033
2 7029 7037
2 7031 7036
2 7034 7041
2 7035 7043
2 7038 7045
2 7039 7042
2 7040 7048
2 7044 7050
2 7046 7047
2 7049 7052
2 7051 7057
2 7053 7059
2 7054 7060
2 7055 7061
2 7056 7064
2 7058 7065
2 7062 7069
2 7063 7068
2 7066 7067
2 7070 7074
2 7071 7075
2 7072 7079
2 7073 7078
2 7076 7083
2 7077 7085
2 7080 7087
2 7081 7088
2 7082 7090
2 7084 7091
2 7086 7095
2 7089 7094
2 7092 7096
2 7093 7100
2 7097 7101
2 7098 7104
2 7099 7103
2 7102 7108
2 7105 7110
2 7106 7109
2 7107 7111
2 7112 7116
2 7113 7119
2 7114 7118
2 7115 7121
2 7117 7123
2 7120 7127
2 7122 7129
2 7124 7130
2 7125 7132
2 7126 7135
2 7128 7136
2 7131 7134
2 7133 7140
2 7137 7138
2 7139 7145
2 7141 7142
2 7143 7148
2 7144 7149
2 7146 7153
2 7147 7155
2 7150 7152
2 7151 7159
2 7154 7156
2 7157 7163
2 7158 7165
2 7160 7166
2 7161 7168
2 7162 7170
2 7164 7172
2 7167 7175
2 7169 7176
2 7171 7178
2 7173 7177
2 7174 7183
2 7179 7184
2 7180 7186
2 7181 7187
2 7182 7190
2 7185 7192
2 7188 7194
2 7189 7196
2 7191 7198
2 7193 7201
2 7195 7202
2 7197 7204
2 7199 7206
2 7200 7208
2 7203 7209
2 7205 7212
2 7207 7210
2 7211 7215
2 7213 7218
2 7214 7219
2 7216 7220
2 7217 7221
2 7222 7223
2 7224 7229
2 7225 7231
2 7226 7230
2 7227 7233
2 7228 7236
2 7232 7238
2 7234 7237
2 7235 7243
2 7239 7245
2 7240 7247
2 7241 7249
2 7242 7250
2 7244 7253
2 7246 7255
2 7248 7252
2 7251 7259
2 7254 7261
2 7256 7262
2 7257 7264
2 7258 7267
2 7260 7266
2 7263 7270
2 7265 7273
2 7268 7275
2 7269 7274
2 7271 7278
2 7272 7276
2 7277 7281
2 7279 7283
2 7280 7286
2 7282 7289
2 7284 7290
2 7285 7292
2 7287 7293
2 7288 7296
2 7291 7298
2 7294 7299
2 7295 7302
2 7297 7305
2 7300 7307
2 7301 7308
2 7303 7310
2 7304 7313
2 7306 7314
2 7309 7316
2 7311 7319
2 7312 7318
2 7315 7320
2 7317 7322
2 7321 7326
2 7323 7329
2 7324 7330
2 7325 7333
2 7327 7334
2 7328 7337
2 7331 7332
2 7335 7340
2 7336 7342
2 7338 7344
2 7339 7346
2 7341 7349
2 7343 7345
2 7347 7350
2 7348 7352
2 7351 7356
2 7353 7359
2 7354 7361
2 7355 7363
2 7357 7362
2 7358 7365
2 7360 7369
2 7364 7368
2 7366 7371
2 7367 7375
2 7370 7374
2 7372 7377
2 7373 7381
2 7376 7382
2 7378 7385
2 7379 7386
2 7380 7384
2 7383 7391
2 7387 7388
2 7389 7395
2 7390 7397
2 7392 7399
2 7393 7400
2 7394 7401
2 7396 7404
2 7398 7406
2 7402 7409
2 7403 7407
2 7405 7412
2 7408 7415
2 7410 7413
2 7411 7419
2 7414 7418
2 7416 7423
2 7417 7424
2 7420 7426
2 7421 7425
2 7422 7430
2 7427 7432
2 7428 7434
2 7429 7436
2 7431 7439
2 7433 7441
2 7435 7443
2 7437 7444
2 7438 7447
2 7440 7445
2 7442 7451
2 7446 7453
2 7448 7454
2 7449 7457
2 7450 7459
2 7452 7461
2 7455 7463
2 7456 7464
2 7458 7466
2 7460 7467
2 7462 7471
2 7465 7473
2 7468 7475
2 7469 7474
2 7470 7479
2 7472 7480
2 7476 7483
2 7477 7481
2 7478 7484
2 7482 7489
2 7485 7490
2 7486 7491
2 7487 7494
2 7488 7496
2 7492 7499
2 7493 7500
2 7495 7501
2 7497 7502
2 7498 7507
2 7503 7509
2 7504 7510
2 7505 7512
2 7506 7515
2 7508 7516
2 7511 7518
2 7513 7521
2 7514 7522
2 7517 7525
2 7519 7524
2 7520 7529
2 7523 7526
2 7527 7530
2 7528 7534
2 7531 7536
2 7532 7533
2 7535 7540
2 7537 7543
2 7538 7545
2 7539 7542
2 7541 7549
2 7544 7551
2 7546 7553
2 7547 7555
2 7548 7554
2 7550 7558
2 7552 7557
2 7556 7559
2 7560 7565
2 7561 7567
2 7562 7569
2 7563 7564
2 7566 7573
2 7568 7574
2 7570 7577
2 7571 7579
2 7572 7581
2 7575 7583
2 7576 7580
2 7578 7586
2 7582 7588
2 7584 7590
2 7585 7592
2 7587 7595
2 7589 7594
2 7591 7596
2 7593 7600
2 7597 7603
2 7598 7602
2 7599 7606
2 7601 7608
2 7604 7610
2 7605 7613
2 7607 7614
2 7609 7617
2 7611 7618
2 7612 7616
2 7615 7622
2 7619 7624
2 7620 7627
2 7621 7629
2 7623 7631
2 7625 7633
2 7626 7632
2 7628 7634
2 7630 7636
2 7635 7640
2 7637 7643
2 7638 7642
2 7639 7647
2 7641 7648
2 7644 7651
2 7645 7653
2 7646 7652
2 7649 7656
2 7650 7659
2 7654 7658
2 7655 7662
2 7657 7663
2 7660 7666
2 7661 7665
2 7664 7671
2 7667 7673
2 7668 7674
2 7669 7677
2 7670 7678
2 7672 7675
2 7676 7683
2 7679 7684
2 7680 7686
2 7681 7689
2 7682 7688
2 7685 7692
2 7687 7694
2 7690 7696
2 7691 7699
2 7693 7700
2 7695 7703
2 7697 7704
2 7698 7706
2 7701 7709
2 7702 7710
2 7705 7713
2 7707 7715
2 7708 7712
2 7711 7717
2 7714 7721
2 7716 7719
2 7718 7725
2 7720 7726
2 7722 7727
2 7723 7731
2 7724 7733
2 7728 7734
2 7729 7736
2 7730 7732
2 7735 7740
2 7737 7742
2 7738 7743
2 7739 7744
2 7741 7748
2 7745 7751
2 7746 7752
2 7747 7753
2 7749 7757
2 7750 7756
2 7754 7759
2 7755 7761
2 7758 7764
2 7760 7766
2 7762 7768
2 7763 7770
2 7765 7772
2 7767 7773
2 7769 7777
2 7771 7778
2 7774 7781
2 7775 7782
2 7776 7785
2 7779 7786
2 7780 7788
2 7783 7791
2 7784 7792
2 7787 7795
2 7789 7796
2 7790 7799
2 7793 7800
2 7794 7803
2 7797 7804
2 7798 7805
2 7801 7809
2 7802 7807
2 7806 7812
2 7808 7814
2 7810 7813
2 7811 7819
2 7815 7821
2 7816 7823
2 7817 7825
2 7818 7824
2 7820 7826
2 7822 7828
2 7827 7832
2 7829 7834
2 7830 7835
2 7831 7839
2 7833 7841
2 7836 7840
2 7837 7844
2 7838 7847
2 7842 7849
2 7843 7851
2 7845 7850
2 7846 7852
2 7848 7856
2 7853 7859
2 7854 7861
2 7855 7863
2 7857 7862
2 7858 7864
2 7860 7868
2 7865 7870
2 7866 7872
2 7867 7875
2 7869 7876
2 7871 7877
2 7873 7880
2 7874 7881
2 7878 7884
2 7879 7883
2 7882 7888
2 7885 7889
2 7886 7890
2 7887 7895
2 7891 7896
2 7892 7899
2 7893 7898
2 7894 7903
2 7897 7902
2 7900 7906
2 7901 7907
2 7904 7911
2 7905 7909
2 7908 7914
2 7910 7917
2 7912 7915
2 7913 7920
2 7916 7923
2 7918 7922
2 7919 7927
2 7921 7924
2 7925 7931
2 7926 7929
2 7928 7934
2 7930 7936
2 7932 7939
2 7933 7937
2 7935 7943
2 7938 7945
2 7940 7944
2 7941 7948
2 7942 7950
2 7946 7953
2 7947 7954
2 7949 7956
2 7951 7959
2 7952 7961
2 7955 7960
2 7957 7964
2 7958 7966
2 7962 7963
2 7965 7970
2 7967 7972
2 7968 7975
2 7969 7971
2 7973 7978
2 7974 7981
2 7976 7983
2 7977 7984
2 7979 7980
2 7982 7985
2 7986 7990
2 7987 7993
2 7988 7995
2 7989 7991
2 7992 7994
2 7996 8001
2 7997 8003
2 7998 8004
2 7999 8006
2 8000 8009
2 8002 8010
2 8005 8011
2 8007 8015
2 8008 8012
2 8013 8019
2 8014 8021
2 8016 8022
2 8017 8023
2 8018 8026
2 8020 8027
2 8024 8031
2 8025 8032
2 8028 8035
2 8029 8036
2 8030 8037
2 8033 8040
2 8034 8043
2 8038 8044
2 8039 8047
2 8041 8049
2 8042 8045
2 8046 8053
2 8048 8052
2 8050 8056
2 8051 8058
2 8054 8059
2 8055 8063
2 8057 8064
2 8060 8067
2 8061 8068
2 8062 8065
2 8066 8073
2 8069 8075
2 8070 8077
2 8071 8079
2 8072 8081
2 8074 8080
2 8076 8084
2 8078 8086
2 8082 8089
2 8083 8085
2 8087 8093
2 8088 8094
2 8090 8097
2 8091 8098
2 8092 8101
2 8095 8103
2 8096 8104
2 8099 8100
2 8102 8108
2 8105 8110
2 8106 8109
2 8107 8115
2 8111 8116
2 8112 8119
2 8113 8114
2 8117 8123
2 8118 8122
2 8120 8124
2 8121 8129
2 8125 8128
2 8126 8132
2 8127 8134
2 8130 8133
2 8131 8138
2 8135 8139
2 8136 8143
2 8137 8141
2 8140 8142
2 8144 8148
2 8145 8150
2 8146 8152
2 8147 8153
2 8149 8155
2 8151 8159
2 8154 8161
2 8156 8163
2 8157 8160
2 8158 8167
2 8162 8168
2 8164 8166
2 8165 8172
2 8169 8173
2 8170 8176
2 8171 8177
2 8174 8180
2 8175 8183
2 8178 8179
2 8181 8186
2 8182 8189
2 8184 8187
2 8185 8193
2 8188 8190
2 8191 8197
2 8192 8199
2 8194 8200
2 8195 8198
2 8196 8204
2 8201 8202
2 8203 8206
2 8205 8210
2 8207 8212
2 8208 8215
2 8209 8214
2 8211 8219
2 8213 8220
2 8216 8222
2 8217 8224
2 8218 8221
2 8223 8229
2 8225 8231
2 8226 8233
2 8227 8235
2 8228 8232
2 8230 8239
2 8234 8240
2 8236 8242
2 8237 8241
2 8238 8247
2 8243 8244
2 8245 8250
2 8246 8253
2 8248 8252
2 8249 8256
2 8251 8259
2 8254 8258
2 8255 8263
2 8257 8264
2 8260 8267
2 8261 8268
2 8262 8265
2 8266 8273
2 8269 8272
2 8270 8276
2 8271 8277
2 8274 8275
2 8278 8282
2 8279 8284
2 8280 8287
2 8281 8286
2 8283 8289
2 8285 8293
2 8288 8291
2 8290 8297
2 8292 8299
2 8294 8298
2 8295 8303
2 8296 8305
2 8300 8304
2 8301 8309
2 8302 8310
2 8306 8311
2 8307 8314
2 8308 8316
2 8312 8318
2 8313 8320
2 8315 8322
2 8317 8325
2 8319 8326
2 8321 8328
2 8323 8331
2 8324 8332
2 8327 8333
2 8329 8336
2 8330 8338
2 8334 8340
2 8335 8342
2 8337 8344
2 8339 8346
2 8341 8348
2 8343 8347
2 8345 8353
2 8349 8355
2 8350 8356
2 8351 8359
2 8352 8361
2 8354 8363
2 8357 8365
2 8358 8367
2 8360 8368
2 8362 8366
2 8364 8372
2 8369 8375
2 8370 8376
2 8371 8379
2 8373 8374
2 8377 8383
2 8378 8384
2 8380 8387
2 8381 8382
2 8385 8388
2 8386 8392
2 8389 8393
2 8390 8397
2 8391 8398
2 8394 8401
2 8395 8396
2 8399 8405
2 8400 8407
2 8402 8409
2 8403 8411
2 8404 8413
2 8406 8410
2 8408 8412
2 8414 8418
2 8415 8417
2 8416 8423
2 8419 8425
2 8420 8426
2 8421 8429
2 8422 8430
2 8424 8431
2 8427 8434
2 8428 8437
2 8432 8435
2 8433 8438
2 8436 8442
2 8439 8440
2 8441 8447
2 8443 8449
2 8444 8446
2 8445 8452
2 8448 8453
2 8450 8454
2 8451 8456
2 8455 8461
2 8457 8462
2 8458 8465
2 8459 8466
2 8460 8468
2 8463 8470
2 8464 8472
2 8467 8473
2 8469 8477
2 8471 8479
2 8474 8478
2 8475 8476
2 8480 8485
2 8481 8487
2 8482 8486
2 8483 8491
2 8484 8493
2 8488 8494
2 8489 8495
2 8490 8498
2 8492 8501
2 8496 8502
2 8497 8500
2 8499 8506
2 8503 8509
2 8504 8507
2 8505 8508
2 8510 8511
2 8512 8516
2 8513 8519
2 8514 8517
2 8515 8523
2 8518 8524
2 8520 8527
2 8521 8529
2 8522 8525
2 8526 8530
2 8528 8534
2 8531 8537
2 8532 8539
2 8533 8535
2 8536 8543
2 8538 8542
2 8540 8541
2 8544 8548
2 8545 8546
2 8547 8553
2 8549 8555
2 8550 8556
2 8551 8554
2 8552 8561
2 8557 8563
2 8558 8562
2 8559 8567
2 8560 8568
2 8564 8571
2 8565 8572
2 8566 8573
2 8569 8576
2 8570 8579
2 8574 8578
2 8575 8581
2 8577 8585
2 8580 8584
2 8582 8586
2 8583 8591
2 8587 8593
2 8588 8592
2 8589 8597
2 8590 8599
2 8594 8601
2 8595 8603
2 8596 8602
2 8598 8607
2 8600 8608
2 8604 8609
2 8605 8612
2 8606 8614
2 8610 8616
2 8611 8617
2 8613 8618
2 8615 8620
2 8619 8625
2 8621 8626
2 8622 8629
2 8623 8624
2 8627 8632
2 8628 8633
2 8630 8636
2 8631 8639
2 8634 8641
2 8635 8637
2 8638 8644
2 8640 8643
2 8642 8648
2 8645 8651
2 8646 8650
2 8647 8653
2 8649 8652
2 8654 8658
2 8655 8659
2 8656 8663
2 8657 8665
2 8660 8667
2 8661 8662
2 8664 8671
2 8666 8670
2 8668 8673
2 8669 8677
2 8672 8679
2 8674 8675
2 8676 8683
2 8678 8684
2 8680 8682
2 8681 8689
2 8685 8686
2 8687 8692
2 8688 8694
2 8690 8697
2 8691 8696
2 8693 8701
2 8695 8702
2 8698 8703
2 8699 8707
2 8700 8709
2 8704 8711
2 8705 8712
2 8706 8714
2 8708 8715
2 8710 8716
2 8713 8721
2 8717 8722
2 8718 8725
2 8719 8727
2 8720 8729
2 8723 8726
2 8724 8733
2 8728 8734
2 8730 8736
2 8731 8737
2 8732 8740
2 8735 8742
2 8738 8745
2 8739 8746
2 8741 8747
2 8743 8751
2 8744 8750
2 8748 8754
2 8749 8752
2 8753 8756
2 8755 8759
2 8757 8758
2 8760 8761
2 8762 8767
2 8763 8766
2 8764 8771
2 8765 8773
2 8768 8775
2 8769 8777
2 8770 8779
2 8772 8776
2 8774 8778
2 8780 8785
2 8781 8784
2 8782 8789
2 8783 8791
2 8786 8793
2 8787 8794
2 8788 8797
2 8790 8796
2 8792 8801
2 8795 8803
2 8798 8804
2 8799 8806
2 8800 8808
2 8802 8811
2 8805 8810
2 8807 8814
2 8809 8815
2 8812 8816
2 8813 8821
2 8817 8823
2 8818 8824
2 8819 8822
2 8820 8828
2 8825 8826
2 8827 8833
2 8829 8834
2 8830 8837
2 8831 8839
2 8832 8835
2 8836 8842
2 8838 8845
2 8840 8844
2 8841 8849
2 8843 8851
2 8846 8853
2 8847 8854
2 8848 8857
2 8850 8859
2 8852 8861
2 8855 8863
2 8856 8865
2 8858 8866
2 8860 8864
2 8862 8870
2 8867 8873
2 8868 8874
2 8869 8876
2 8871 8875
2 8872 8879
2 8877 8880
2 8878 8881
2 8882 8886
2 8883 8889
2 8884 8890
2 8885 8891
2 8887 8895
2 8888 8894
2 8892 8898
2 8893 8900
2 8896 8903
2 8897 8899
2 8901 8907
2 8902 8908
2 8904 8911
2 8905 8913
2 8906 8915
2 8909 8912
2 8910 8919
2 8914 8918
2 8916 8923
2 8917 8924
2 8920 8927
2 8921 8929
2 8922 8931
2 8925 8932
2 8926 8930
2 8928 8934
2 8933 8938
2 8935 8940
2 8936 8941
2 8937 8944
2 8939 8947
2 8942 8945
2 8943 8950
2 8946 8952
2 8948 8954
2 8949 8956
2 8951 8955
2 8953 8960
2 8957 8961
2 8958 8964
2 8959 8967
2 8962 8965
2 8963 8970
2 8966 8968
2 8969 8975
2 8971 8977
2 8972 8978
2 8973 8981
2 8974 8979
2 8976 8985
2 8980 8986
2 8982 8987
2 8983 8991
2 8984 8990
2 8988 8994
2 8989 8997
2 8992 8996
2 8993 8998
2 8995 9002
2 8999 9004
2 9000 9003
2 9001 9009
2 9005 9008
2 9006 9013
2 9007 9014
2 9010 9016
2 9011 9019
2 9012 9015
2 9017 9022
2 9018 9024
2 9020 9023
2 9021 9028
2 9025 9029
2 9026 9031
2 9027 9035
2 9030 9036
2 9032 9038
2 9033 9041
2 9034 9043
2 9037 9042
2 9039 9047
2 9040 9048
2 9044 9050
2 9045 9051
2 9046 9055
2 9049 9057
2 9052 9059
2 9053 9060
2 9054 9063
2 9056 9062
2 9058 9065
2 9061 9068
2 9064 9070
2 9066 9072
2 9067 9075
2 9069 9073
2 9071 9078
2 9074 9081
2 9076 9083
2 9077 9085
2 9079 9086
2 9080 9089
2 9082 9091
2 9084 9092
2 9087 9094
2 9088 9096
2 9090 9097
2 9093 9100
2 9095 9102
2 9098 9105
2 9099 9106
2 9101 9107
2 9103 9111
2 9104 9108
2 9109 9114
2 9110 9117
2 9112 9119
2 9113 9121
2 9115 9123
2 9116 9124
2 9118 9122
2 9120 9128
2 9125 9131
2 9126 9129
2 9127 9135
2 9130 9137
2 9132 9134
2 9133 9140
2 9136 9143
2 9138 9145
2 9139 9146
2 9141 9149
2 9142 9151
2 9144 9152
2 9147 9154
2 9148 9157
2 9150 9156
2 9153 9161
2 9155 9158
2 9159 9165
2 9160 9166
2 9162 9168
2 9163 9164
2 9167 9173
2 9169 9172
2 9170 9171
2 9174 9179
2 9175 9181
2 9176 9182
2 9177 9183
2 9178 9187
2 9180 9186
2 9184 9189
2 9185 9192
2 9188 9194
2 9190 9196
2 9191 9197
2 9193 9198
2 9195 9201
2 9199 9200
2 9202 9205
2 9203 9209
2 9204 9210
2 9206 9213
2 9207 9214
2 9208 9215
2 9211 9218
2 9212 9220
2 9216 9222
2 9217 9221
2 9219 9223
2 9224 9227
2 9225 9230
2 9226 9232
2 9228 9235
2 9229 9234
2 9231 9238
2 9233 9241
2 9236 9243
2 9237 9239
2 9240 9247
2 9242 9246
2 9244 9250
2 9245 9252
2 9248 9251
2 9249 9256
2 9253 9259
2 9254 9260
2 9255 9263
2 9257 9265
2 9258 9267
2 9261 9269
2 9262 9271
2 9264 9272
2 9266 9275
2 9268 9276
2 9270 9274
2 9273 9280
2 9277 9283
2 9278 9282
2 9279 9286
2 9281 9289
2 9284 9291
2 9285 9293
2 9287 9295
2 9288 9294
2 9290 9299
2 9292 9301
2 9296 9302
2 9297 9305
2 9298 9307
2 9300 9303
2 9304 9311
2 9306 9313
2 9308 9314
2 9309 9312
2 9310 9319
2 9315 9320
2 9316 9323
2 9317 9325
2 9318 9326
2 9321 9328
2 9322 9329
2 9324 9332
2 9327 9333
2 9330 9337
2 9331 9338
2 9334 9340
2 9335 9341
2 9336 9344
2 9339 9346
2 9342 9345
2 9343 9350
2 9347 9348
2 9349 9354
2 9351 9356
2 9352 9359
2 9353 9361
2 9355 9363
2 9357 9365
2 9358 9366
2 9360 9368
2 9362 9367
2 9364 9372
2 9369 9374
2 9370 9376
2 9371 9375
2 9373 9380
2 9377 9383
2 9378 9382
2 9379 9386
2 9381 9387
2 9384 9390
2 9385 9393
2 9388 9394
2 9389 9397
2 9391 9398
2 9392 9400
2 9395 9399
2 9396 9403
2 9401 9407
2 9402 9406
2 9404 9411
2 9405 9413
2 9408 9414
2 9409 9415
2 9410 9419
2 9412 9418
2 9416 9423
2 9417 9425
2 9420 9426
2 9421 9429
2 9422 9431
2 9424 9433
2 9427 9434
2 9428 9436
2 9430 9438
2 9432 9437
2 9435 9443
2 9439 9444
2 9440 9446
2 9441 9448
2 9442 9450
2 9445 9453
2 9447 9451
2 9449 9456
2 9452 9459
2 9454 9458
2 9455 9457
2 9460 9464
2 9461 9465
2 9462 9468
2 9463 9471
2 9466 9473
2 9467 9475
2 9469 9474
2 9470 9479
2 9472 9478
2 9476 9483
2 9477 9484
2 9480 9487
2 9481 9486
2 9482 9490
2 9485 9489
2 9488 9491
2 9492 9496
2 9493 9499
2 9494 9498
2 9495 9502
2 9497 9500
2 9501 9507
2 9503 9506
2 9504 9511
2 9505 9513
2 9508 9514
2 9509 9512
2 9510 9519
2 9515 9521
2 9516 9523
2 9517 9525
2 9518 9527
2 9520 9529
2 9522 9528
2 9524 9532
2 9526 9530
2 9531 9534
2 9533 9539
2 9535 9538
2 9536 9542
2 9537 9545
2 9540 9546
2 9541 9549
2 9543 9550
2 9544 9552
2 9547 9551
2 9548 9553
2 9554 9559
2 9555 9561
2 9556 9557
2 9558 9564
2 9560 9566
2 9562 9568
2 9563 9569
2 9565 9572
2 9567 9573
2 9570 9576
2 9571 9578
2 9574 9580
2 9575 9583
2 9577 9585
2 9579 9584
2 9581 9588
2 9582 9590
2 9586 9592
2 9587 9594
2 9589 9597
2 9591 9599
2 9593 9600
2 9595 9602
2 9596 9605
2 9598 9606
2 9601 9603
2 9604 9611
2 9607 9612
2 9608 9614
2 9609 9613
2 9610 9618
2 9615 9620
2 9616 9617
2 9619 9624
2 9621 9626
2 9622 9629
2 9623 9631
2 9625 9633
2 9627 9635
2 9628 9637
2 9630 9636
2 9632 9638
2 9634 9641
2 9639 9644
2 9640 9647
2 9642 9649
2 9643 9650
2 9645 9651
2 9646 9655
2 9648 9656
2 9652 9659
2 9653 9660
2 9654 9663
2 9657 9664
2 9658 9667
2 9661 9669
2 9662 9670
2 9665 9673
2 9666 9675
2 9668 9677
2 9671 9678
2 9672 9680
2 9674 9679
2 9676 9684
2 9681 9686
2 9682 9689
2 9683 9690
2 9685 9691
2 9687 9695
2 9688 9692
2 9693 9699
2 9694 9701
2 9696 9703
2 9697 9698
2 9700 9706
2 9702 9709
2 9704 9711
2 9705 9713
2 9707 9714
2 9708 9716
2 9710 9718
2 9712 9719
2 9715 9722
2 9717 9721
2 9720 9726
2 9723 9724
2 9725 9730
2 9727 9732
2 9728 9734
2 9729 9737
2 9731 9736
2 9733 9741
2 9735 9742
2 9738 9745
2 9739 9747
2 9740 9746
2 9743 9751
2 9744 9748
2 9749 9755
2 9750 9752
2 9753 9759
2 9754 9761
2 9756 9763
2 9757 9765
2 9758 9767
2 9760 9769
2 9762 9768
2 9764 9771
2 9766 9770
2 9772 9776
2 9773 9778
2 9774 9779
2 9775 9781
2 9777 9784
2 9780 9785
2 9782 9787
2 9783 9788
2 9786 9793
2 9789 9795
2 9790 9797
2 9791 9799
2 9792 9800
2 9794 9802
2 9796 9804
2 9798 9806
2 9801 9807
2 9803 9810
2 9805 9813
2 9808 9812
2 9809 9816
2 9811 9818
2 9814 9820
2 9815 9819
2 9817 9822
2 9821 9823
2 9824 9828
2 9825 9830
2 9826 9833
2 9827 9832
2 9829 9836
2 9831 9838
2 9834 9837
2 9835 9843
2 9839 9844
2 9840 9846
2 9841 9849
2 9842 9848
2 9845 9853
2 9847 9852
2 9850 9856
2 9851 9855
2 9854 9858
2 9857 9859
2 9860 9864
2 9861 9866
2 9862 9868
2 9863 9871
2 9865 9873
2 9867 9870
2 9869 9877
2 9872 9879
2 9874 9880
2 9875 9882
2 9876 9885
2 9878 9887
2 9881 9888
2 9883 9891
2 9884 9892
2 9886 9894
2 9889 9895
2 9890 9896
2 9893 9900
2 9897 9901
2 9898 9905
2 9899 9906
2 9902 9908
2 9903 9907
2 9904 9910
2 9909 9914
2 9911 9917
2 9912 9913
2 9915 9921
2 9916 9922
2 9918 9920
2 9919 9927
2 9923 9929
2 9924 9930
2 9925 9931
2 9926 9935
2 9928 9932
2 9933 9934
2 9936 9941
2 9937 9942
2 9938 9944
2 9939 9946
2 9940 9948
2 9943 9950
2 9945 9952
2 9947 9954
2 9949 9957
2 9951 9959
2 9953 9961
2 9955 9962
2 9956 9965
2 9958 9966
2 9960 9968
2 9963 9971
2 9964 9972
2 9967 9974
2 9969 9976
2 9970 9978
2 9973 9977
2 9975 9981
2 9979 9984
2 9980 9986
2 9982 9988
2 9983 9987
2 9985 9993
2 9989 9995
2 9990 9996
2 9991 9999
2 9992 9994
2 9997 9998
